✓ 加载完成！共 450 行
✓ 列数: 13

数据源: ['rebuttal_set_fl.json', 'rebuttal_set_temp_old.json', 'refactored_alpha_gfn_set_new_icml.json', 'refactored_alpha_gfn_set_new_icml_fl0.json']

DataFrame 形状: (450, 13)
✓ 已过滤掉 90 条数据（来自 rebuttal_set_fl.json 且 method=subtb_gfn）

总实验数: 360
Unique seeds: [0, 1, 2, 3, 4]
Unique sizes: ['large', 'medium', 'small']
Unique alphas (from alpha_init): [0.1, 0.2, 0.3, 0.4, 0.5, 0.6, 0.7, 0.8, 0.9]
Unique objectives/methods: ['db_gfn', 'fl_db_gfn', 'fl_subtb_gfn', 'subtb_gfn', 'tb_gfn']

数据来源分布:
source_file                                 method        size  
rebuttal_set_fl.json                        fl_subtb_gfn  medium    45
                                                          small     45
rebuttal_set_temp_old.json                  db_gfn        large     10
                                                          medium    10
                                                          small     10
                                            fl_db_gfn     large     10
                                                          medium    10
                                                          small     10
                                            tb_gfn        large     10
                                                          medium    10
                                                          small     10
refactored_alpha_gfn_set_new_icml.json      fl_subtb_gfn  large     45
refactored_alpha_gfn_set_new_icml_fl0.json  subtb_gfn     large     45
                                                          medium    45
                                                          small     45
dtype: int64
⚠️ 缺失指标: ['mean_top_1000_similarity']
✓ 可用指标: ['modes', 'mean_top_1000_R', 'spearman_corr_test']


================================================================================
找到 5 个 objectives: ['db_gfn', 'fl_db_gfn', 'fl_subtb_gfn', 'subtb_gfn', 'tb_gfn']
找到 3 个 sizes: ['large', 'medium', 'small']
================================================================================

================================================================================
Objective: db_gfn, Size: large
================================================================================
  实验数: 10
  来源文件: ['rebuttal_set_temp_old.json']

按 seed 平均后的结果 (基于 alpha_init):
 alpha  modes  mean_top_1000_R  spearman_corr_test
   0.5    0.0     58086.535407            0.984226
   0.9  355.8    624721.771862            0.944515

最优 Alpha 分析:
--------------------------------------------------------------------------------
  modes                          -> 最优 alpha_init: 0.9000, 最优值: 355.800000
  mean_top_1000_R                -> 最优 alpha_init: 0.9000, 最优值: 624721.771862
  spearman_corr_test             -> 最优 alpha_init: 0.5000, 最优值: 0.984226

================================================================================
Objective: db_gfn, Size: medium
================================================================================
  实验数: 10
  来源文件: ['rebuttal_set_temp_old.json']

按 seed 平均后的结果 (基于 alpha_init):
 alpha  modes  mean_top_1000_R  spearman_corr_test
   0.5    0.0    110427.380192            0.992868
   0.9   31.4    552020.091131            0.972678

最优 Alpha 分析:
--------------------------------------------------------------------------------
  modes                          -> 最优 alpha_init: 0.9000, 最优值: 31.400000
  mean_top_1000_R                -> 最优 alpha_init: 0.9000, 最优值: 552020.091131
  spearman_corr_test             -> 最优 alpha_init: 0.5000, 最优值: 0.992868

================================================================================
Objective: db_gfn, Size: small
================================================================================
  实验数: 10
  来源文件: ['rebuttal_set_temp_old.json']

按 seed 平均后的结果 (基于 alpha_init):
 alpha  modes  mean_top_1000_R  spearman_corr_test
   0.5   24.8         0.184467            0.998606
   0.9   55.8         0.204380            0.995274

最优 Alpha 分析:
--------------------------------------------------------------------------------
  modes                          -> 最优 alpha_init: 0.9000, 最优值: 55.800000
  mean_top_1000_R                -> 最优 alpha_init: 0.9000, 最优值: 0.204380
  spearman_corr_test             -> 最优 alpha_init: 0.5000, 最优值: 0.998606

================================================================================
Objective: fl_db_gfn, Size: large
================================================================================
  实验数: 10
  来源文件: ['rebuttal_set_temp_old.json']

按 seed 平均后的结果 (基于 alpha_init):
 alpha  modes  mean_top_1000_R  spearman_corr_test
   0.5  247.6    593090.240612            0.902304
   0.9 2239.2    768544.601063            0.847180

最优 Alpha 分析:
--------------------------------------------------------------------------------
  modes                          -> 最优 alpha_init: 0.9000, 最优值: 2239.200000
  mean_top_1000_R                -> 最优 alpha_init: 0.9000, 最优值: 768544.601063
  spearman_corr_test             -> 最优 alpha_init: 0.5000, 最优值: 0.902304

================================================================================
Objective: fl_db_gfn, Size: medium
================================================================================
  实验数: 10
  来源文件: ['rebuttal_set_temp_old.json']

按 seed 平均后的结果 (基于 alpha_init):
 alpha  modes  mean_top_1000_R  spearman_corr_test
   0.5   14.2    507462.734981            0.967982
   0.9  118.6    638688.096787            0.934965

最优 Alpha 分析:
--------------------------------------------------------------------------------
  modes                          -> 最优 alpha_init: 0.9000, 最优值: 118.600000
  mean_top_1000_R                -> 最优 alpha_init: 0.9000, 最优值: 638688.096787
  spearman_corr_test             -> 最优 alpha_init: 0.5000, 最优值: 0.967982

================================================================================
Objective: fl_db_gfn, Size: small
================================================================================
  实验数: 10
  来源文件: ['rebuttal_set_temp_old.json']

按 seed 平均后的结果 (基于 alpha_init):
 alpha  modes  mean_top_1000_R  spearman_corr_test
   0.5   83.0         0.218038            0.991999
   0.9   88.6         0.219956            0.974668

最优 Alpha 分析:
--------------------------------------------------------------------------------
  modes                          -> 最优 alpha_init: 0.9000, 最优值: 88.600000
  mean_top_1000_R                -> 最优 alpha_init: 0.9000, 最优值: 0.219956
  spearman_corr_test             -> 最优 alpha_init: 0.5000, 最优值: 0.991999

================================================================================
Objective: fl_subtb_gfn, Size: large
================================================================================
  实验数: 45
  来源文件: ['refactored_alpha_gfn_set_new_icml.json']

按 seed 平均后的结果 (基于 alpha_init):
 alpha  modes  mean_top_1000_R  spearman_corr_test
   0.1    6.4    208113.069956            0.931390
   0.2    4.2    209808.025508            0.923500
   0.3    5.0    239392.940426            0.946669
   0.4   46.8    440945.939903            0.958103
   0.5  190.2    589971.983094            0.973308
   0.6 1071.4    733963.860182            0.967588
   0.7 2319.2    769346.280487            0.972217
   0.8 3809.4    819447.403392            0.968787
   0.9 3767.8    795987.176202            0.961119

最优 Alpha 分析:
--------------------------------------------------------------------------------
  modes                          -> 最优 alpha_init: 0.8000, 最优值: 3809.400000
  mean_top_1000_R                -> 最优 alpha_init: 0.8000, 最优值: 819447.403392
  spearman_corr_test             -> 最优 alpha_init: 0.5000, 最优值: 0.973308

================================================================================
Objective: fl_subtb_gfn, Size: medium
================================================================================
  实验数: 45
  来源文件: ['rebuttal_set_fl.json']

按 seed 平均后的结果 (基于 alpha_init):
 alpha  modes  mean_top_1000_R  spearman_corr_test
   0.1    0.0    171446.427030            0.972357
   0.2    0.0    295866.420082            0.969948
   0.3    0.2    371441.242920            0.981170
   0.4    5.8    478237.109973            0.988201
   0.5   16.0    531806.165717            0.972305
   0.6   32.6    574079.280895            0.966610
   0.7   88.0    620631.529659            0.944064
   0.8  258.6    655796.050813            0.775404
   0.9   11.6    517605.006536            0.656496

最优 Alpha 分析:
--------------------------------------------------------------------------------
  modes                          -> 最优 alpha_init: 0.8000, 最优值: 258.600000
  mean_top_1000_R                -> 最优 alpha_init: 0.8000, 最优值: 655796.050813
  spearman_corr_test             -> 最优 alpha_init: 0.4000, 最优值: 0.988201

================================================================================
Objective: fl_subtb_gfn, Size: small
================================================================================
  实验数: 45
  来源文件: ['rebuttal_set_fl.json']

按 seed 平均后的结果 (基于 alpha_init):
 alpha  modes  mean_top_1000_R  spearman_corr_test
   0.1   60.4         0.203681            0.987918
   0.2   72.8         0.213140            0.989102
   0.3   84.6         0.217966            0.995265
   0.4   89.4         0.220891            0.995710
   0.5   89.6         0.221153            0.996585
   0.6   90.0         0.221347            0.990751
   0.7   89.8         0.221104            0.965630
   0.8   52.2         0.205495            0.859562
   0.9   30.0         0.186126            0.789410

最优 Alpha 分析:
--------------------------------------------------------------------------------
  modes                          -> 最优 alpha_init: 0.6000, 最优值: 90.000000
  mean_top_1000_R                -> 最优 alpha_init: 0.6000, 最优值: 0.221347
  spearman_corr_test             -> 最优 alpha_init: 0.5000, 最优值: 0.996585

================================================================================
Objective: subtb_gfn, Size: large
================================================================================
  实验数: 45
  来源文件: ['refactored_alpha_gfn_set_new_icml_fl0.json']

按 seed 平均后的结果 (基于 alpha_init):
 alpha  modes  mean_top_1000_R  spearman_corr_test
   0.1    0.0      1650.538161            0.929085
   0.2    0.0      2825.215846            0.927894
   0.3    0.0      4996.317950            0.916025
   0.4    0.0     30330.645489            0.924472
   0.5    0.0     53579.355185            0.943681
   0.6    0.0     99808.876949            0.920531
   0.7    0.0    162907.474895            0.921886
   0.8    2.0    159144.732609            0.916322
   0.9    0.0    169377.546641            0.917707

最优 Alpha 分析:
--------------------------------------------------------------------------------
  modes                          -> 最优 alpha_init: 0.8000, 最优值: 2.000000
  mean_top_1000_R                -> 最优 alpha_init: 0.9000, 最优值: 169377.546641
  spearman_corr_test             -> 最优 alpha_init: 0.5000, 最优值: 0.943681

================================================================================
Objective: subtb_gfn, Size: medium
================================================================================
  实验数: 45
  来源文件: ['refactored_alpha_gfn_set_new_icml_fl0.json']

按 seed 平均后的结果 (基于 alpha_init):
 alpha  modes  mean_top_1000_R  spearman_corr_test
   0.1    0.0     20255.614256            0.974277
   0.2    0.0     27895.327421            0.979274
   0.3    0.0     29222.797419            0.973081
   0.4    0.0     51294.045841            0.968978
   0.5    0.0    160688.926543            0.967823
   0.6    0.4    205413.722341            0.950375
   0.7    0.2    331356.432214            0.947836
   0.8    1.4    375539.576383            0.964389
   0.9    5.2    434821.481532            0.955813

最优 Alpha 分析:
--------------------------------------------------------------------------------
  modes                          -> 最优 alpha_init: 0.9000, 最优值: 5.200000
  mean_top_1000_R                -> 最优 alpha_init: 0.9000, 最优值: 434821.481532
  spearman_corr_test             -> 最优 alpha_init: 0.2000, 最优值: 0.979274

================================================================================
Objective: subtb_gfn, Size: small
================================================================================
  实验数: 45
  来源文件: ['refactored_alpha_gfn_set_new_icml_fl0.json']

按 seed 平均后的结果 (基于 alpha_init):
 alpha  modes  mean_top_1000_R  spearman_corr_test
   0.1   22.2         0.179443            0.988671
   0.2   22.4         0.179359            0.990593
   0.3   21.6         0.178893            0.993524
   0.4   19.6         0.177199            0.994273
   0.5   20.0         0.178573            0.991776
   0.6   27.4         0.185631            0.996704
   0.7   30.6         0.191288            0.997132
   0.8   34.2         0.191337            0.996759
   0.9   32.0         0.189215            0.996982

最优 Alpha 分析:
--------------------------------------------------------------------------------
  modes                          -> 最优 alpha_init: 0.8000, 最优值: 34.200000
  mean_top_1000_R                -> 最优 alpha_init: 0.8000, 最优值: 0.191337
  spearman_corr_test             -> 最优 alpha_init: 0.7000, 最优值: 0.997132

================================================================================
Objective: tb_gfn, Size: large
================================================================================
  实验数: 10
  来源文件: ['rebuttal_set_temp_old.json']

按 seed 平均后的结果 (基于 alpha_init):
 alpha  modes  mean_top_1000_R  spearman_corr_test
   0.5    0.0     11754.280200            0.995855
   0.7  591.6    683702.459888            0.996134

最优 Alpha 分析:
--------------------------------------------------------------------------------
  modes                          -> 最优 alpha_init: 0.7000, 最优值: 591.600000
  mean_top_1000_R                -> 最优 alpha_init: 0.7000, 最优值: 683702.459888
  spearman_corr_test             -> 最优 alpha_init: 0.7000, 最优值: 0.996134

================================================================================
Objective: tb_gfn, Size: medium
================================================================================
  实验数: 10
  来源文件: ['rebuttal_set_temp_old.json']

按 seed 平均后的结果 (基于 alpha_init):
 alpha  modes  mean_top_1000_R  spearman_corr_test
   0.5    0.0     44854.405848            0.997923
   0.8  499.0    703904.362100            0.861677

最优 Alpha 分析:
--------------------------------------------------------------------------------
  modes                          -> 最优 alpha_init: 0.8000, 最优值: 499.000000
  mean_top_1000_R                -> 最优 alpha_init: 0.8000, 最优值: 703904.362100
  spearman_corr_test             -> 最优 alpha_init: 0.5000, 最优值: 0.997923

================================================================================
Objective: tb_gfn, Size: small
================================================================================
  实验数: 10
  来源文件: ['rebuttal_set_temp_old.json']

按 seed 平均后的结果 (基于 alpha_init):
 alpha  modes  mean_top_1000_R  spearman_corr_test
   0.5   23.2         0.179905            0.999477
   0.7   24.8         0.184035            0.999332

最优 Alpha 分析:
--------------------------------------------------------------------------------
  modes                          -> 最优 alpha_init: 0.7000, 最优值: 24.800000
  mean_top_1000_R                -> 最优 alpha_init: 0.7000, 最优值: 0.184035
  spearman_corr_test             -> 最优 alpha_init: 0.5000, 最优值: 0.999477

✓ 已保存筛选后的汇总表: filtered_histories_summary.csv
✓ 已保存筛选后的 history: filtered_histories.json
